Log file open, 07/25/18 10:17:42
LogWindows: Failed to load 'aqProf.dll' (GetLastError=126)
LogWindows: File 'aqProf.dll' does not exist
LogWindows: Failed to load 'VtuneApi.dll' (GetLastError=126)
LogWindows: File 'VtuneApi.dll' does not exist
LogWindows: Failed to load 'VtuneApi32e.dll' (GetLastError=126)
LogWindows: File 'VtuneApi32e.dll' does not exist
LogInit: Display: Running engine for game: FOHEARTPlugin
LogPlatformFile: Not using cached read wrapper
LogInit: Display: RandInit(1657535421) SRandInit(1657535421).
LogInit: Read version file with build ID '3709383'
LogInit: Overriding engine version to CL 3832480, compatible CL 3709383
LogInit: Registered custom module enumerator with build ID '3709383'
LogTaskGraph: Started task graph with 5 named threads and 14 total threads with 3 sets of task threads.
LogStats: Stats thread started at 0.877398
LogD3D11RHI: Aftermath initialized
LogPluginManager: Mounting plugin Paper2D
LogPluginManager: Mounting plugin LightPropagationVolume
LogPluginManager: Mounting plugin CodeLiteSourceCodeAccess
LogPluginManager: Mounting plugin GitSourceControl
LogPluginManager: Mounting plugin KDevelopSourceCodeAccess
LogPluginManager: Mounting plugin NullSourceCodeAccess
LogPluginManager: Mounting plugin PerforceSourceControl
LogPluginManager: Mounting plugin SubversionSourceControl
LogPluginManager: Mounting plugin UObjectPlugin
LogPluginManager: Mounting plugin VisualStudioCodeSourceCodeAccess
LogPluginManager: Mounting plugin VisualStudioSourceCodeAccess
LogPluginManager: Mounting plugin XCodeSourceCodeAccess
LogPluginManager: Mounting plugin AssetManagerEditor
LogPluginManager: Mounting plugin AudioCapture
LogPluginManager: Mounting plugin FacialAnimation
LogPluginManager: Mounting plugin GameplayTagsEditor
LogPluginManager: Mounting plugin MobileLauncherProfileWizard
LogPluginManager: Mounting plugin PluginBrowser
LogPluginManager: Mounting plugin SpeedTreeImporter
LogPluginManager: Mounting plugin AlembicImporter
LogPluginManager: Mounting plugin CharacterAI
LogPluginManager: Mounting plugin HTML5Networking
LogPluginManager: Mounting plugin AndroidMedia
LogPluginManager: Mounting plugin AvfMedia
LogPluginManager: Mounting plugin ImgMedia
LogPluginManager: Mounting plugin MediaCompositing
LogPluginManager: Mounting plugin MediaPlayerEditor
LogPluginManager: Mounting plugin WmfMedia
LogPluginManager: Mounting plugin TcpMessaging
LogPluginManager: Mounting plugin UdpMessaging
LogPluginManager: Mounting plugin ActorSequence
LogPluginManager: Mounting plugin LevelSequenceEditor
LogPluginManager: Mounting plugin MatineeToLevelSequence
LogPluginManager: Mounting plugin OnlineSubsystemGooglePlay
LogPluginManager: Mounting plugin OnlineSubsystemIOS
LogPluginManager: Mounting plugin OnlineSubsystem
LogPluginManager: Mounting plugin OnlineSubsystemNull
LogPluginManager: Mounting plugin OnlineSubsystemUtils
LogPluginManager: Mounting plugin AndroidDeviceProfileSelector
LogPluginManager: Mounting plugin AndroidMoviePlayer
LogPluginManager: Mounting plugin AndroidPermission
LogPluginManager: Mounting plugin AppleARKit
LogPluginManager: Mounting plugin AppleMoviePlayer
LogPluginManager: Mounting plugin ArchVisCharacter
LogPluginManager: Mounting plugin CableComponent
LogPluginManager: Mounting plugin CustomMeshComponent
LogPluginManager: Mounting plugin ExampleDeviceProfileSelector
LogPluginManager: Mounting plugin GoogleCloudMessaging
LogPluginManager: Mounting plugin ImmediatePhysics
LogPluginManager: Mounting plugin IOSDeviceProfileSelector
LogPluginManager: Mounting plugin LinuxDeviceProfileSelector
LogPluginManager: Mounting plugin LocationServicesBPLibrary
LogPluginManager: Mounting plugin MobilePatchingUtils
LogPluginManager: Mounting plugin OculusVR
LogPluginManager: Plugin shader directory ../../../Engine/Plugins/Runtime/Oculus/OculusVR/Shaders found
LogPluginManager: Mapping shader source directory ../../../Engine/Plugins/Runtime/Oculus/OculusVR/Shaders to virtual directory /Plugin/OculusVR
LogPluginManager: Mounting plugin PhysXVehicles
LogPluginManager: Mounting plugin ProceduralMeshComponent
LogPluginManager: Mounting plugin RuntimePhysXCooking
LogPluginManager: Mounting plugin SteamVR
LogPluginManager: Mounting plugin WindowsMoviePlayer
LogPluginManager: Mounting plugin FOHEART
LogModuleManager: Display: Found up-to-date module file C:/Users/foheart/Desktop/FOHEART_UE4_Plugin_Demo/Binaries/Win64/UE4Editor-FOHEARTPlugin.dll (API version 3709383).
LogModuleManager: Display: Found up-to-date module file ../../../Engine/Plugins/2D/Paper2D/Binaries/Win64/UE4Editor-Paper2D.dll (API version 3709383).
LogModuleManager: Display: Found up-to-date module file ../../../Engine/Plugins/2D/Paper2D/Binaries/Win64/UE4Editor-Paper2DEditor.dll (API version 3709383).
LogModuleManager: Display: Found up-to-date module file ../../../Engine/Plugins/2D/Paper2D/Binaries/Win64/UE4Editor-PaperSpriteSheetImporter.dll (API version 3709383).
LogModuleManager: Display: Found up-to-date module file ../../../Engine/Plugins/2D/Paper2D/Binaries/Win64/UE4Editor-PaperTiledImporter.dll (API version 3709383).
LogModuleManager: Display: Found up-to-date module file ../../../Engine/Plugins/2D/Paper2D/Binaries/Win64/UE4Editor-SmartSnapping.dll (API version 3709383).
LogModuleManager: Display: Found up-to-date module file ../../../Engine/Plugins/Blendables/LightPropagationVolume/Binaries/Win64/UE4Editor-LightPropagationVolumeRuntime.dll (API version 3709383).
LogModuleManager: Display: Found up-to-date module file ../../../Engine/Plugins/Blendables/LightPropagationVolume/Binaries/Win64/UE4Editor-LightPropagationVolumeEditor.dll (API version 3709383).
LogModuleManager: Display: Found up-to-date module file ../../../Engine/Plugins/Developer/GitSourceControl/Binaries/Win64/UE4Editor-GitSourceControl.dll (API version 3709383).
LogModuleManager: Display: Found up-to-date module file ../../../Engine/Plugins/Developer/PerforceSourceControl/Binaries/Win64/UE4Editor-PerforceSourceControl.dll (API version 3709383).
LogModuleManager: Display: Found up-to-date module file ../../../Engine/Plugins/Developer/SubversionSourceControl/Binaries/Win64/UE4Editor-SubversionSourceControl.dll (API version 3709383).
LogModuleManager: Display: Found up-to-date module file ../../../Engine/Plugins/Developer/UObjectPlugin/Binaries/Win64/UE4Editor-UObjectPlugin.dll (API version 3709383).
LogModuleManager: Display: Found up-to-date module file ../../../Engine/Plugins/Developer/VisualStudioCodeSourceCodeAccess/Binaries/Win64/UE4Editor-VisualStudioCodeSourceCodeAccess.dll (API version 3709383).
LogModuleManager: Display: Found up-to-date module file ../../../Engine/Plugins/Developer/VisualStudioSourceCodeAccess/Binaries/Win64/UE4Editor-VisualStudioSourceCodeAccess.dll (API version 3709383).
LogModuleManager: Display: Found up-to-date module file ../../../Engine/Plugins/Editor/AssetManagerEditor/Binaries/Win64/UE4Editor-AssetManagerEditor.dll (API version 3709383).
LogModuleManager: Display: Found up-to-date module file ../../../Engine/Plugins/Editor/AudioCapture/Binaries/Win64/UE4Editor-AudioCapture.dll (API version 3709383).
LogModuleManager: Display: Found up-to-date module file ../../../Engine/Plugins/Editor/FacialAnimation/Binaries/Win64/UE4Editor-FacialAnimation.dll (API version 3709383).
LogModuleManager: Display: Found up-to-date module file ../../../Engine/Plugins/Editor/FacialAnimation/Binaries/Win64/UE4Editor-FacialAnimationEditor.dll (API version 3709383).
LogModuleManager: Display: Found up-to-date module file ../../../Engine/Plugins/Editor/GameplayTagsEditor/Binaries/Win64/UE4Editor-GameplayTagsEditor.dll (API version 3709383).
LogModuleManager: Display: Found up-to-date module file ../../../Engine/Plugins/Editor/MobileLauncherProfileWizard/Binaries/Win64/UE4Editor-MobileLauncherProfileWizard.dll (API version 3709383).
LogModuleManager: Display: Found up-to-date module file ../../../Engine/Plugins/Editor/PluginBrowser/Binaries/Win64/UE4Editor-PluginBrowser.dll (API version 3709383).
LogModuleManager: Display: Found up-to-date module file ../../../Engine/Plugins/Editor/SpeedTreeImporter/Binaries/Win64/UE4Editor-SpeedTreeImporter.dll (API version 3709383).
LogModuleManager: Display: Found up-to-date module file ../../../Engine/Plugins/Experimental/AlembicImporter/Binaries/Win64/UE4Editor-AlembicImporter.dll (API version 3709383).
LogModuleManager: Display: Found up-to-date module file ../../../Engine/Plugins/Experimental/AlembicImporter/Binaries/Win64/UE4Editor-AlembicLibrary.dll (API version 3709383).
LogModuleManager: Display: Found up-to-date module file ../../../Engine/Plugins/Experimental/CharacterAI/Binaries/Win64/UE4Editor-CharacterAI.dll (API version 3709383).
LogModuleManager: Display: Found up-to-date module file ../../../Engine/Plugins/Experimental/HTML5Networking/Binaries/Win64/UE4Editor-HTML5Networking.dll (API version 3709383).
LogModuleManager: Display: Found up-to-date module file ../../../Engine/Plugins/Media/AndroidMedia/Binaries/Win64/UE4Editor-AndroidMediaEditor.dll (API version 3709383).
LogModuleManager: Display: Found up-to-date module file ../../../Engine/Plugins/Media/AndroidMedia/Binaries/Win64/UE4Editor-AndroidMediaFactory.dll (API version 3709383).
LogModuleManager: Display: Found up-to-date module file ../../../Engine/Plugins/Media/AvfMedia/Binaries/Win64/UE4Editor-AvfMediaEditor.dll (API version 3709383).
LogModuleManager: Display: Found up-to-date module file ../../../Engine/Plugins/Media/AvfMedia/Binaries/Win64/UE4Editor-AvfMediaFactory.dll (API version 3709383).
LogModuleManager: Display: Found up-to-date module file ../../../Engine/Plugins/Media/AvfMedia/Binaries/Win64/UE4Editor-AvfMediaFactory.dll (API version 3709383).
LogModuleManager: Display: Found up-to-date module file ../../../Engine/Plugins/Media/ImgMedia/Binaries/Win64/UE4Editor-ImgMedia.dll (API version 3709383).
LogModuleManager: Display: Found up-to-date module file ../../../Engine/Plugins/Media/ImgMedia/Binaries/Win64/UE4Editor-ImgMediaEditor.dll (API version 3709383).
LogModuleManager: Display: Found up-to-date module file ../../../Engine/Plugins/Media/ImgMedia/Binaries/Win64/UE4Editor-ImgMediaFactory.dll (API version 3709383).
LogModuleManager: Display: Found up-to-date module file ../../../Engine/Plugins/Media/ImgMedia/Binaries/Win64/UE4Editor-ImgMediaFactory.dll (API version 3709383).
LogModuleManager: Display: Found up-to-date module file ../../../Engine/Plugins/Media/ImgMedia/Binaries/Win64/UE4Editor-OpenExrWrapper.dll (API version 3709383).
LogModuleManager: Display: Found up-to-date module file ../../../Engine/Plugins/Media/MediaCompositing/Binaries/Win64/UE4Editor-MediaCompositing.dll (API version 3709383).
LogModuleManager: Display: Found up-to-date module file ../../../Engine/Plugins/Media/MediaCompositing/Binaries/Win64/UE4Editor-MediaCompositingEditor.dll (API version 3709383).
LogModuleManager: Display: Found up-to-date module file ../../../Engine/Plugins/Media/MediaPlayerEditor/Binaries/Win64/UE4Editor-MediaPlayerEditor.dll (API version 3709383).
LogModuleManager: Display: Found up-to-date module file ../../../Engine/Plugins/Media/WmfMedia/Binaries/Win64/UE4Editor-WmfMedia.dll (API version 3709383).
LogModuleManager: Display: Found up-to-date module file ../../../Engine/Plugins/Media/WmfMedia/Binaries/Win64/UE4Editor-WmfMediaEditor.dll (API version 3709383).
LogModuleManager: Display: Found up-to-date module file ../../../Engine/Plugins/Media/WmfMedia/Binaries/Win64/UE4Editor-WmfMediaFactory.dll (API version 3709383).
LogModuleManager: Display: Found up-to-date module file ../../../Engine/Plugins/Media/WmfMedia/Binaries/Win64/UE4Editor-WmfMediaFactory.dll (API version 3709383).
LogModuleManager: Display: Found up-to-date module file ../../../Engine/Plugins/Messaging/TcpMessaging/Binaries/Win64/UE4Editor-TcpMessaging.dll (API version 3709383).
LogModuleManager: Display: Found up-to-date module file ../../../Engine/Plugins/Messaging/UdpMessaging/Binaries/Win64/UE4Editor-UdpMessaging.dll (API version 3709383).
LogModuleManager: Display: Found up-to-date module file ../../../Engine/Plugins/MovieScene/ActorSequence/Binaries/Win64/UE4Editor-ActorSequence.dll (API version 3709383).
LogModuleManager: Display: Found up-to-date module file ../../../Engine/Plugins/MovieScene/LevelSequenceEditor/Binaries/Win64/UE4Editor-LevelSequenceEditor.dll (API version 3709383).
LogModuleManager: Display: Found up-to-date module file ../../../Engine/Plugins/MovieScene/MatineeToLevelSequence/Binaries/Win64/UE4Editor-MatineeToLevelSequence.dll (API version 3709383).
LogModuleManager: Display: Found up-to-date module file ../../../Engine/Plugins/Online/OnlineSubsystem/Binaries/Win64/UE4Editor-OnlineSubsystem.dll (API version 3709383).
LogModuleManager: Display: Found up-to-date module file ../../../Engine/Plugins/Online/OnlineSubsystemNull/Binaries/Win64/UE4Editor-OnlineSubsystemNull.dll (API version 3709383).
LogModuleManager: Display: Found up-to-date module file ../../../Engine/Plugins/Online/OnlineSubsystemUtils/Binaries/Win64/UE4Editor-OnlineSubsystemUtils.dll (API version 3709383).
LogModuleManager: Display: Found up-to-date module file ../../../Engine/Plugins/Online/OnlineSubsystemUtils/Binaries/Win64/UE4Editor-OnlineBlueprintSupport.dll (API version 3709383).
LogModuleManager: Display: Found up-to-date module file ../../../Engine/Plugins/Runtime/AndroidDeviceProfileSelector/Binaries/Win64/UE4Editor-AndroidDeviceProfileSelector.dll (API version 3709383).
LogModuleManager: Display: Found up-to-date module file ../../../Engine/Plugins/Runtime/AndroidPermission/Binaries/Win64/UE4Editor-AndroidPermission.dll (API version 3709383).
LogModuleManager: Display: Found up-to-date module file ../../../Engine/Plugins/Runtime/AppleARKit/Binaries/Win64/UE4Editor-AppleARKit.dll (API version 3709383).
LogModuleManager: Display: Found up-to-date module file ../../../Engine/Plugins/Runtime/ArchVisCharacter/Binaries/Win64/UE4Editor-ArchVisCharacter.dll (API version 3709383).
LogModuleManager: Display: Found up-to-date module file ../../../Engine/Plugins/Runtime/CableComponent/Binaries/Win64/UE4Editor-CableComponent.dll (API version 3709383).
LogModuleManager: Display: Found up-to-date module file ../../../Engine/Plugins/Runtime/CustomMeshComponent/Binaries/Win64/UE4Editor-CustomMeshComponent.dll (API version 3709383).
LogModuleManager: Display: Found up-to-date module file ../../../Engine/Plugins/Runtime/ExampleDeviceProfileSelector/Binaries/Win64/UE4Editor-ExampleDeviceProfileSelector.dll (API version 3709383).
LogModuleManager: Display: Found up-to-date module file ../../../Engine/Plugins/Runtime/ImmediatePhysics/Binaries/Win64/UE4Editor-ImmediatePhysics.dll (API version 3709383).
LogModuleManager: Display: Found up-to-date module file ../../../Engine/Plugins/Runtime/ImmediatePhysics/Binaries/Win64/UE4Editor-ImmediatePhysicsEditor.dll (API version 3709383).
LogModuleManager: Display: Found up-to-date module file ../../../Engine/Plugins/Runtime/LocationServicesBPLibrary/Binaries/Win64/UE4Editor-LocationServicesBPLibrary.dll (API version 3709383).
LogModuleManager: Display: Found up-to-date module file ../../../Engine/Plugins/Runtime/MobilePatchingUtils/Binaries/Win64/UE4Editor-MobilePatchingUtils.dll (API version 3709383).
LogModuleManager: Display: Found up-to-date module file ../../../Engine/Plugins/Runtime/Oculus/OculusVR/Binaries/Win64/UE4Editor-OculusHMD.dll (API version 3709383).
LogModuleManager: Display: Found up-to-date module file ../../../Engine/Plugins/Runtime/Oculus/OculusVR/Binaries/Win64/UE4Editor-OculusInput.dll (API version 3709383).
LogModuleManager: Display: Found up-to-date module file ../../../Engine/Plugins/Runtime/Oculus/OculusVR/Binaries/Win64/UE4Editor-OculusEditor.dll (API version 3709383).
LogModuleManager: Display: Found up-to-date module file ../../../Engine/Plugins/Runtime/PhysXVehicles/Binaries/Win64/UE4Editor-PhysXVehicles.dll (API version 3709383).
LogModuleManager: Display: Found up-to-date module file ../../../Engine/Plugins/Runtime/PhysXVehicles/Binaries/Win64/UE4Editor-PhysXVehiclesEditor.dll (API version 3709383).
LogModuleManager: Display: Found up-to-date module file ../../../Engine/Plugins/Runtime/ProceduralMeshComponent/Binaries/Win64/UE4Editor-ProceduralMeshComponent.dll (API version 3709383).
LogModuleManager: Display: Found up-to-date module file ../../../Engine/Plugins/Runtime/ProceduralMeshComponent/Binaries/Win64/UE4Editor-ProceduralMeshComponentEditor.dll (API version 3709383).
LogModuleManager: Display: Found up-to-date module file ../../../Engine/Plugins/Runtime/RuntimePhysXCooking/Binaries/Win64/UE4Editor-RuntimePhysXCooking.dll (API version 3709383).
LogModuleManager: Display: Found up-to-date module file ../../../Engine/Plugins/Runtime/Steam/SteamVR/Binaries/Win64/UE4Editor-SteamVR.dll (API version 3709383).
LogModuleManager: Display: Found up-to-date module file ../../../Engine/Plugins/Runtime/Steam/SteamVR/Binaries/Win64/UE4Editor-SteamVRController.dll (API version 3709383).
LogModuleManager: Display: Found up-to-date module file ../../../Engine/Plugins/Runtime/WindowsMoviePlayer/Binaries/Win64/UE4Editor-WindowsMoviePlayer.dll (API version 3709383).
LogModuleManager: Display: Found up-to-date module file C:/Users/foheart/Desktop/FOHEART_UE4_Plugin_Demo/Plugins/FOHEART/Binaries/Win64/UE4Editor-FOHEART.dll (API version 3709383).
LogInit: Using libcurl 7.47.1
LogInit:  - built for x86_64-pc-win32
LogInit:  - supports SSL with OpenSSL/1.0.2g
LogInit:  - supports HTTP deflate (compression) using libz 1.2.8
LogInit:  - other features:
LogInit:      CURL_VERSION_SSL
LogInit:      CURL_VERSION_LIBZ
LogInit:      CURL_VERSION_IPV6
LogInit:      CURL_VERSION_ASYNCHDNS
LogInit:      CURL_VERSION_LARGEFILE
LogInit:      CURL_VERSION_IDN
LogInit:  CurlRequestOptions (configurable via config and command line):
LogInit:  - bVerifyPeer = false  - Libcurl will NOT verify peer certificate
LogInit:  - bUseHttpProxy = false  - Libcurl will NOT use HTTP proxy
LogInit:  - bDontReuseConnections = false  - Libcurl will reuse connections
LogInit:  - CertBundlePath = nullptr  - Libcurl will use whatever was configured at build time.
LogInit: Build: ++UE4+Release-4.18-CL-3832480
LogInit: Engine Version: 4.18.3-3832480+++UE4+Release-4.18
LogInit: Compatible Engine Version: 4.18.0-3709383+++UE4+Release-4.18
LogInit: Net CL: 3709383
LogDevObjectVersion: Number of dev versions registered: 16
LogDevObjectVersion:   Dev-Blueprints (B0D832E4-1F89-4F0D-ACCF-7EB736FD4AA2): 10
LogDevObjectVersion:   Dev-Build (E1C64328-A22C-4D53-A36C-8E866417BD8C): 0
LogDevObjectVersion:   Dev-Core (375EC13C-06E4-48FB-B500-84F0262A717E): 2
LogDevObjectVersion:   Dev-Editor (E4B068ED-F494-42E9-A231-DA0B2E46BB41): 20
LogDevObjectVersion:   Dev-Framework (CFFC743F-43B0-4480-9391-14DF171D2073): 30
LogDevObjectVersion:   Dev-Mobile (B02B49B5-BB20-44E9-A304-32B752E40360): 0
LogDevObjectVersion:   Dev-Networking (A4E4105C-59A1-49B5-A7C5-40C4547EDFEE): 0
LogDevObjectVersion:   Dev-Online (39C831C9-5AE6-47DC-9A44-9C173E1C8E7C): 0
LogDevObjectVersion:   Dev-Physics (78F01B33-EBEA-4F98-B9B4-84EACCB95AA2): 0
LogDevObjectVersion:   Dev-Platform (6631380F-2D4D-43E0-8009-CF276956A95A): 0
LogDevObjectVersion:   Dev-Rendering (12F88B9F-8875-4AFC-A67C-D90C383ABD29): 20
LogDevObjectVersion:   Dev-Sequencer (7B5AE74C-D270-4C10-A958-57980B212A5A): 4
LogDevObjectVersion:   Dev-VR (D7296918-1DD6-4BDD-9DE2-64A83CC13884): 0
LogDevObjectVersion:   Dev-LoadTimes (C2A15278-BFE7-4AFE-6C17-90FF531DF755): 1
LogDevObjectVersion:   Private-Geometry (6EACA3D4-40EC-4CC1-B786-8BED09428FC5): 1
LogDevObjectVersion:   Dev-AnimPhys (29E575DD-E0A3-4627-9D10-D276232CDCEA): 12
LogInit: Compiled (64-bit): Jan 12 2018 02:04:55
LogInit: Compiled with Visual C++: 19.00.24215.01
LogInit: Build Configuration: Development
LogInit: Branch Name: ++UE4+Release-4.18
LogInit: Command line:  -skipcompile
LogInit: Base directory: G:/Unreal Projects/UE_4.18/Engine/Binaries/Win64/
LogInit: Installed Engine Build: 1
LogInit: Presizing for max 8388607 objects, including 0 objects not considered by GC, pre-allocating 0 bytes for permanent pool.
LogInit: Object subsystem initialized
[2018.07.25-02.17.49:863][  0]LogInit: Selected Device Profile: [Windows]
[2018.07.25-02.17.49:863][  0]LogInit: Applying CVar settings loaded from the selected device profile: [Windows]
[2018.07.25-02.17.49:951][  0]LogInit: Computer: FOHEART-PC
[2018.07.25-02.17.49:951][  0]LogInit: User: foheart
[2018.07.25-02.17.49:951][  0]LogInit: CPU Page size=4096, Cores=4
[2018.07.25-02.17.49:951][  0]LogInit: High frequency timer resolution =2.648505 MHz
[2018.07.25-02.17.49:962][  0]LogMemory: Memory total: Physical=15.9GB (16GB approx)
[2018.07.25-02.17.49:962][  0]LogMemory: Platform Memory Stats for Windows
[2018.07.25-02.17.49:962][  0]LogMemory: Process Physical Memory: 273.21 MB used, 273.21 MB peak
[2018.07.25-02.17.49:962][  0]LogMemory: Process Virtual Memory: 264.81 MB used, 264.81 MB peak
[2018.07.25-02.17.49:962][  0]LogMemory: Physical Memory: 6837.13 MB used,  9407.82 MB free, 16244.95 MB total
[2018.07.25-02.17.49:963][  0]LogMemory: Virtual Memory: 606.54 MB used,  9407.82 MB free, 8388608.00 MB total
[2018.07.25-02.17.52:027][  0]LogInit: Using OS detected language (zh-CN).
[2018.07.25-02.17.52:027][  0]LogInit: Using OS detected locale (zh-CN).
[2018.07.25-02.17.52:307][  0]LogWindows: Failed to load 'shcore.dll' (GetLastError=126)
[2018.07.25-02.17.52:307][  0]LogWindows: File 'shcore.dll' does not exist
[2018.07.25-02.17.52:307][  0]LogInit: Setting process to DPI aware
[2018.07.25-02.17.52:408][  0]LogWindows: Failed to load 'shcore.dll' (GetLastError=126)
[2018.07.25-02.17.52:408][  0]LogWindows: File 'shcore.dll' does not exist
[2018.07.25-02.17.52:408][  0]LogInit: Setting process to DPI aware
[2018.07.25-02.17.52:440][  0]LogWindowsTextInputMethodSystem: Display: IME system now activated using IMM (搜狗拼音输入).
[2018.07.25-02.17.54:211][  0]LogD3D11RHI: D3D11 adapters:
[2018.07.25-02.17.54:375][  0]LogD3D11RHI:    0. 'Intel(R) HD Graphics 530' (Feature Level 11_0)
[2018.07.25-02.17.54:375][  0]LogD3D11RHI:       192/0/1632 MB DedicatedVideo/DedicatedSystem/SharedSystem, Outputs:1, VendorId:0x8086
[2018.07.25-02.17.54:375][  0]LogD3D11RHI: Chosen D3D11 Adapter: 0
[2018.07.25-02.17.54:392][  0]LogD3D11RHI: Creating new Direct3DDevice
[2018.07.25-02.17.54:392][  0]LogD3D11RHI:     GPU DeviceId: 0x1912 (for the marketing name, search the web for "GPU Device Id")
[2018.07.25-02.17.54:393][  0]LogWindows: EnumDisplayDevices:
[2018.07.25-02.17.54:393][  0]LogWindows:    0. 'Intel(R) HD Graphics 530' (P:1 D:1)
[2018.07.25-02.17.54:405][  0]LogWindows:    1. 'Intel(R) HD Graphics 530' (P:0 D:0)
[2018.07.25-02.17.54:406][  0]LogWindows:    2. 'Intel(R) HD Graphics 530' (P:0 D:0)
[2018.07.25-02.17.54:406][  0]LogWindows:    3. 'RDPDD Chained DD' (P:0 D:0)
[2018.07.25-02.17.54:406][  0]LogWindows:    4. 'RDP Encoder Mirror Driver' (P:0 D:0)
[2018.07.25-02.17.54:406][  0]LogWindows:    5. 'RDP Reflector Display Driver' (P:0 D:0)
[2018.07.25-02.17.54:407][  0]LogWindows: DebugString: GetVideoDriverDetailsInvalid PrimaryIsNotTheChoosenAdapter GetVideoDriverDetailsInvalid PrimaryIsNotTheChoosenAdapter GetVideoDriverDetailsInvalid PrimaryIsNotTheChoosenAdapter FoundDriverCount:3 
[2018.07.25-02.17.54:407][  0]LogD3D11RHI:     Adapter Name: Intel(R) HD Graphics 530
[2018.07.25-02.17.54:407][  0]LogD3D11RHI:   Driver Version: 21.20.16.4475 (internal:21.20.16.4475, unified:21.20.16.4475)
[2018.07.25-02.17.54:407][  0]LogD3D11RHI:      Driver Date: 6-17-2016
[2018.07.25-02.17.54:407][  0]LogRHI: Texture pool is 705 MB (70% of 1008 MB)
[2018.07.25-02.17.54:435][  0]LogD3D11RHI: Async texture creation enabled
[2018.07.25-02.17.54:738][  0]LogD3D11RHI: GPU Timing Frequency: 12.000000 (Debug: 2 0)
[2018.07.25-02.17.54:798][  0]LogShaderCompilers: Guid format shader working directory is -1 characters bigger than the processId version (C:/Users/foheart/Desktop/FOHEART_UE4_Plugin_Demo/Intermediate/Shaders/WorkingDirectory/21048/).
[2018.07.25-02.17.54:799][  0]LogShaderCompilers: Cleaned the shader compiler working directory 'C:/Users/foheart/AppData/Local/Temp/UnrealShaderWorkingDir/A43E61E8453F655D9CEA08A208E689D9/'.
[2018.07.25-02.17.54:799][  0]LogShaderCompilers: Display: Using Local Shader Compiler.
[2018.07.25-02.17.56:537][  0]LogTemp: Display: Loaded TP AllDesktopTargetPlatform
[2018.07.25-02.17.56:579][  0]LogTemp: Display: Loaded TP MacClientTargetPlatform
[2018.07.25-02.17.56:627][  0]LogTemp: Display: Loaded TP MacNoEditorTargetPlatform
[2018.07.25-02.17.56:678][  0]LogTemp: Display: Loaded TP MacServerTargetPlatform
[2018.07.25-02.17.56:747][  0]LogTemp: Display: Loaded TP MacTargetPlatform
[2018.07.25-02.17.56:794][  0]LogTemp: Display: Loaded TP WindowsClientTargetPlatform
[2018.07.25-02.17.56:865][  0]LogTemp: Display: Loaded TP WindowsNoEditorTargetPlatform
[2018.07.25-02.17.56:913][  0]LogTemp: Display: Loaded TP WindowsServerTargetPlatform
[2018.07.25-02.17.56:959][  0]LogTemp: Display: Loaded TP WindowsTargetPlatform
[2018.07.25-02.17.57:030][  0]LogTemp: Display: Loaded TP Android_ASTCTargetPlatform
[2018.07.25-02.17.57:077][  0]LogTemp: Display: Loaded TP Android_ATCTargetPlatform
[2018.07.25-02.17.57:121][  0]LogTemp: Display: Loaded TP Android_DXTTargetPlatform
[2018.07.25-02.17.57:169][  0]LogTemp: Display: Loaded TP Android_ETC1TargetPlatform
[2018.07.25-02.17.57:218][  0]LogTemp: Display: Loaded TP Android_ETC2TargetPlatform
[2018.07.25-02.17.57:314][  0]LogTemp: Display: Loaded TP Android_MultiTargetPlatform
[2018.07.25-02.17.57:316][  0]LogTemp: Display: Loaded TP Android_PVRTCTargetPlatform
[2018.07.25-02.17.57:388][  0]LogTemp: Display: Loaded TP AndroidTargetPlatform
[2018.07.25-02.17.57:446][  0]LogTemp: Display: Loaded TP HTML5TargetPlatform
[2018.07.25-02.17.57:555][  0]LogTemp: Display: Loaded TP IOSTargetPlatform
[2018.07.25-02.17.57:578][  0]LogTemp: Display: Loaded TP TVOSTargetPlatform
[2018.07.25-02.17.57:624][  0]LogTemp: Display: Loaded TP LinuxClientTargetPlatform
[2018.07.25-02.17.57:671][  0]LogTemp: Display: Loaded TP LinuxNoEditorTargetPlatform
[2018.07.25-02.17.57:718][  0]LogTemp: Display: Loaded TP LinuxServerTargetPlatform
[2018.07.25-02.17.57:770][  0]LogTemp: Display: Loaded TP LinuxTargetPlatform
[2018.07.25-02.17.57:770][  0]LogTargetPlatformManager: Display: Building Assets For Windows
[2018.07.25-02.17.58:892][  0]LogDerivedDataCache: Display: Max Cache Size: 512 MB
[2018.07.25-02.17.59:644][  0]LogDerivedDataCache: Loaded boot cache 0.75s 78MB C:/Users/foheart/AppData/Local/UnrealEngine/4.18/DerivedDataCache/Boot.ddc.
[2018.07.25-02.17.59:645][  0]LogDerivedDataCache: Display: Loaded Boot cache: C:/Users/foheart/AppData/Local/UnrealEngine/4.18/DerivedDataCache/Boot.ddc
[2018.07.25-02.17.59:645][  0]LogDerivedDataCache: FDerivedDataBackendGraph:  Pak pak cache file C:/Users/foheart/Desktop/FOHEART_UE4_Plugin_Demo/DerivedDataCache/DDC.ddp not found, will not use a pak cache.
[2018.07.25-02.17.59:645][  0]LogDerivedDataCache: Unable to find inner node Pak for hierarchical cache Hierarchy.
[2018.07.25-02.17.59:645][  0]LogDerivedDataCache: FDerivedDataBackendGraph:  CompressedPak pak cache file C:/Users/foheart/Desktop/FOHEART_UE4_Plugin_Demo/DerivedDataCache/Compressed.ddp not found, will not use a pak cache.
[2018.07.25-02.17.59:645][  0]LogDerivedDataCache: Unable to find inner node CompressedPak for hierarchical cache Hierarchy.
[2018.07.25-02.17.59:711][  0]LogDerivedDataCache: Display: Pak cache opened for reading ../../../Engine/DerivedDataCache/Compressed.ddp.
[2018.07.25-02.17.59:725][  0]LogDerivedDataCache: Using Local data cache path C:/Users/foheart/AppData/Local/UnrealEngine/Common/DerivedDataCache: Writable
[2018.07.25-02.17.59:776][  0]LogMaterial: Verifying Global Shaders for PCD3D_SM5
[2018.07.25-02.17.59:817][  0]LogSlate: Using Freetype 2.6.0
[2018.07.25-02.17.59:855][  0]LogSlate: SlateFontCache - WITH_FREETYPE: 1, WITH_HARFBUZZ: 1
[2018.07.25-02.17.59:863][  0]LogSlate: SlateFontCache - WITH_FREETYPE: 1, WITH_HARFBUZZ: 1
[2018.07.25-02.18.02:939][  0]LogInit: Selected Device Profile: [Windows]
[2018.07.25-02.18.04:200][  0]LogSimplygon: Simplygon DLL not present - disabling.
[2018.07.25-02.18.04:238][  0]LogMeshReduction: Using SimplygonSwarm for distributed automatic mesh merging
[2018.07.25-02.18.04:239][  0]LogMeshReduction: Using QuadricMeshReduction for automatic static mesh reduction
[2018.07.25-02.18.04:239][  0]LogMeshReduction: No automatic skeletal mesh reduction module available
[2018.07.25-02.18.04:239][  0]LogMeshReduction: No automatic mesh merging module available
[2018.07.25-02.18.04:239][  0]LogMeshMerging: No automatic mesh merging module available
[2018.07.25-02.18.04:513][  0]LogNetVersion: FOHEARTPlugin , NetCL: 3709383, EngineNetVer: 2, GameNetVer: 0 (Checksum: 105313195)
[2018.07.25-02.18.05:465][  0]LogAssetRegistry: FAssetRegistry took 0.0398 seconds to start up
[2018.07.25-02.18.09:631][  0]LogPackageLocalizationCache: Processed 8 localized package path(s) for 4 prioritized culture(s) in 0.173450 seconds
[2018.07.25-02.18.09:668][  0]LogUObjectArray: 35870 objects as part of root set at end of initial load.
[2018.07.25-02.18.09:668][  0]LogUObjectAllocator: 7363696 out of 0 bytes used by permanent object pool.
[2018.07.25-02.18.09:668][  0]LogUObjectArray: CloseDisregardForGC: 0/0 objects in disregard for GC pool
[2018.07.25-02.18.09:730][  0]LogInit: WinSock: version 1.1 (2.2), MaxSocks=32767, MaxUdp=65467
[2018.07.25-02.18.17:904][  0]LogTcpMessaging: Initializing TcpMessaging bridge
[2018.07.25-02.18.17:955][  0]LogUdpMessaging: Initializing bridge on interface 0.0.0.0:0 to multicast group 230.0.0.1:6666.
[2018.07.25-02.18.19:586][  0]LogMaterial: Uniform references updated for custom material expression Custom.
[2018.07.25-02.18.20:324][  0]SourceControl: 源码控制已禁用
[2018.07.25-02.18.20:342][  0]SourceControl: 源码控制已禁用
[2018.07.25-02.18.20:486][  0]SourceControl: 源码控制已禁用
[2018.07.25-02.18.20:591][  0]SourceControl: 源码控制已禁用
[2018.07.25-02.18.21:782][  0]LogAndroidPermission: UAndroidPermissionCallbackProxy::GetInstance
[2018.07.25-02.18.22:093][  0]LogOcInput: OculusInput pre-init called
[2018.07.25-02.18.22:411][  0]LogInit: Plugin For FOHEART C1 & FOHEART LEO start.
[2018.07.25-02.18.22:788][  0]LogEngine: Initializing Engine...
[2018.07.25-02.18.22:822][  0]LogHMD: Failed to initialize OpenVR with code 110
[2018.07.25-02.18.23:339][  0]LogStats: UGameplayTagsManager::ConstructGameplayTagTree: Construct from data asset -  0.000 s
[2018.07.25-02.18.23:340][  0]LogStats: UGameplayTagsManager::ConstructGameplayTagTree: GameplayTagTreeChangedEvent.Broadcast -  0.000 s
[2018.07.25-02.18.23:707][  0]LogAIModule: Creating AISystem for world Untitled
[2018.07.25-02.18.24:122][  0]LogInit: XAudio2 using 'Realtek HD Audio 2nd output (Realtek High Definition Audio)' : 2 channels at 48 kHz using 32 bits per sample (channel mask 0x3)
[2018.07.25-02.18.24:253][  0]LogInit: FAudioDevice initialized.
[2018.07.25-02.18.24:403][  0]LogDerivedDataCache: Saved boot cache 0.13s 78MB C:/Users/foheart/AppData/Local/UnrealEngine/4.18/DerivedDataCache/Boot.ddc.
[2018.07.25-02.18.24:428][  0]LogInit: Texture streaming: Enabled
[2018.07.25-02.18.24:554][  0]LogEngineSessionManager: EngineSessionManager initialized
[2018.07.25-02.18.24:555][  0]LogEngineSessionManager: EngineSessionManager sent abnormal shutdown report. Type=Debugger, SessionId={D1FDE0CC-49CA-A84E-2448-D68835F13B2D}
[2018.07.25-02.18.24:766][  0]LogInit: Transaction tracking system initialized
[2018.07.25-02.18.25:315][  0]BlueprintLog: New page: 编辑器加载
[2018.07.25-02.18.29:442][  0]LocalizationService: 本地化服务已被禁用
[2018.07.25-02.18.30:483][  0]LogConsoleResponse: Display: 
[2018.07.25-02.18.31:689][  0]LogFileCache: Scanning file cache for directory 'C:/Users/foheart/Desktop/FOHEART_UE4_Plugin_Demo/Content/' took 0.01s
[2018.07.25-02.18.31:689][  0]LogCook: Display: Max memory allowance for cook 16384mb min free memory 0mb
[2018.07.25-02.18.31:689][  0]LogCook: Display: Mobile HDR setting 1
[2018.07.25-02.18.31:699][  0]LogGameplayTags: Display: UGameplayTagsManager::DoneAddingNativeTags. DelegateIsBound: 0
[2018.07.25-02.18.33:449][  0]SourceControl: 源码控制已禁用
[2018.07.25-02.18.33:489][  0]Cmd: MAP LOAD FILE="../../../Engine/Content/Maps/Templates/Template_Default.umap" TEMPLATE=1 SHOWPROGRESS=1 FEATURELEVEL=3
[2018.07.25-02.18.33:500][  0]LightingResults: New page: 光照构建
[2018.07.25-02.18.33:628][  0]MapCheck: New page: 地图检测
[2018.07.25-02.18.33:628][  0]LightingResults: New page: 光照构建
[2018.07.25-02.18.34:788][  0]LogAIModule: Creating AISystem for world Untitled_1
[2018.07.25-02.18.35:073][  0]LogEditorServer: Finished looking for orphan Actors (0.000 secs)
[2018.07.25-02.18.35:117][  0]Cmd: MAP CHECKDEP NOCLEARLOG
[2018.07.25-02.18.35:173][  0]MapCheck: 地图检测完成：0个错误，0 个警告，用时55.835毫秒完成。
[2018.07.25-02.18.35:173][  0]LogFileHelpers: Loading map 'Template_Default' took 1.699
[2018.07.25-02.18.36:132][  0]LogCollectionManager: Loaded 0 collections in 0.002415 seconds
[2018.07.25-02.18.36:300][  0]LogFileCache: Scanning file cache for directory 'C:/Users/foheart/Desktop/FOHEART_UE4_Plugin_Demo/Saved/Collections/' took 0.01s
[2018.07.25-02.18.36:301][  0]LogFileCache: Scanning file cache for directory 'C:/Users/foheart/Desktop/FOHEART_UE4_Plugin_Demo/Content/Developers/foheart/Collections/' took 0.01s
[2018.07.25-02.18.36:301][  0]LogFileCache: Scanning file cache for directory 'C:/Users/foheart/Desktop/FOHEART_UE4_Plugin_Demo/Content/Collections/' took 0.01s
[2018.07.25-02.18.36:301][  0]LogCollectionManager: Rebuilt the GUID cache for 0 collections in 0.000000 seconds
[2018.07.25-02.18.36:334][  0]LogContentBrowser: Native class hierarchy populated in 0.0313 seconds. Added 2369 classes and 525 folders.
[2018.07.25-02.18.36:431][  0]LogContentBrowser: Native class hierarchy updated for 'WidgetCarousel' in 0.0008 seconds. Added 0 classes and 0 folders.
[2018.07.25-02.18.37:342][  0]LogContentBrowser: Native class hierarchy updated for 'AddContentDialog' in 0.0005 seconds. Added 0 classes and 0 folders.
[2018.07.25-02.18.37:456][  0]LogContentBrowser: Native class hierarchy updated for 'SceneOutliner' in 0.0005 seconds. Added 1 classes and 2 folders.
[2018.07.25-02.18.37:975][  0]LogContentBrowser: Native class hierarchy updated for 'HierarchicalLODOutliner' in 0.0007 seconds. Added 1 classes and 2 folders.
[2018.07.25-02.18.37:975][  0]LogLoad: (Engine Initialization) Total time: 89.70 seconds
[2018.07.25-02.18.37:975][  0]LogLoad: (Engine Initialization) Total Blueprint compile time: 0.00 seconds
[2018.07.25-02.18.37:983][  0]LogExternalProfiler: Found external profiler: VSPerf
[2018.07.25-02.18.37:984][  0]LogExternalProfiler: Using external profiler: VSPerf
[2018.07.25-02.18.38:116][  0]LogContentStreaming: Texture pool size now 1000 MB
[2018.07.25-02.18.38:173][  0]LogSlate: Took 0.005421 seconds to synchronously load lazily loaded font '../../../Engine/Content/Slate/Fonts/Roboto-Regular.ttf' (155K)
[2018.07.25-02.18.38:204][  0]LogSlate: Took 0.029191 seconds to synchronously load lazily loaded font '../../../Engine/Content/Slate/Fonts/DroidSansFallback.ttf' (3848K)
[2018.07.25-02.18.38:208][  0]LogSlate: Took 0.003956 seconds to synchronously load lazily loaded font '../../../Engine/Content/Slate/Fonts/Roboto-Bold.ttf' (160K)
[2018.07.25-02.18.38:227][  0]LogSlate: Took 0.009912 seconds to synchronously load lazily loaded font '../../../Engine/Content/Editor/Slate/Fonts/FontAwesome.ttf' (139K)
[2018.07.25-02.18.38:625][  1]LogRenderer: Reallocating scene render targets to support 928x464 Format 10 NumSamples 1 (Frame:1).
[2018.07.25-02.18.39:494][  2]LogAssetRegistry: Asset discovery search completed in 34.0518 seconds
[2018.07.25-02.18.39:497][  2]LogCollectionManager: Rebuilt the object cache for 0 collections in 0.000000 seconds (found 0 objects)
[2018.07.25-02.18.39:497][  2]LogCollectionManager: Fixed up redirectors for 0 collections in 0.000182 seconds (updated 0 objects)
[2018.07.25-02.18.42:660][ 88]LogSlate: Took 0.020135 seconds to synchronously load lazily loaded font '../../../Engine/Content/Slate/Fonts/Roboto-Light.ttf' (159K)
[2018.07.25-02.23.48:745][680]LogSlate: Took 0.000404 seconds to synchronously load lazily loaded font '../../../Engine/Content/Slate/Fonts/Roboto-Light.ttf' (159K)
[2018.07.25-02.23.49:027][680]LogAIModule: Creating AISystem for world LiumangMap
[2018.07.25-02.23.49:107][680]Cmd: MAP LOAD FILE="C:/Users/foheart/Desktop/FOHEART_UE4_Plugin_Demo/Content/Maps/LiumangMap.umap" TEMPLATE=0 SHOWPROGRESS=1 FEATURELEVEL=3
[2018.07.25-02.23.49:107][680]LightingResults: New page: 光照构建
[2018.07.25-02.23.49:108][680]LoadErrors: New page: 正在加载地图： LiumangMap.umap
[2018.07.25-02.23.49:109][680]MapCheck: New page: 地图检测
[2018.07.25-02.23.49:109][680]LightingResults: New page: 光照构建
[2018.07.25-02.23.49:152][680]LogEditorServer: Finished looking for orphan Actors (0.000 secs)
[2018.07.25-02.23.49:298][680]Cmd: MAP CHECKDEP NOCLEARLOG
[2018.07.25-02.23.49:335][680]MapCheck: 地图检测完成：0个错误，0 个警告，用时36.59毫秒完成。
[2018.07.25-02.23.49:335][680]LogFileHelpers: Loading map 'LiumangMap' took 0.247
[2018.07.25-02.23.50:832][712]LogTemp: Repeating last play command: 选中的视口
[2018.07.25-02.23.50:873][712]LogPlayLevel: PlayLevel: No blueprints needed recompiling
[2018.07.25-02.23.50:900][712]PIE: New page: PIE会话: LiumangMap (2018年7月25日 下午6:23:50)
[2018.07.25-02.23.50:901][712]LogPlayLevel: Creating play world package: /Game/Maps/UEDPIE_0_LiumangMap
[2018.07.25-02.23.50:908][712]LogPlayLevel: PIE: StaticDuplicateObject took: (0.006918s)
[2018.07.25-02.23.50:909][712]LogAIModule: Creating AISystem for world LiumangMap
[2018.07.25-02.23.50:909][712]LogPlayLevel: PIE: World Init took: (0.001256s)
[2018.07.25-02.23.50:910][712]LogPlayLevel: PIE: Created PIE world by copying editor world from /Game/Maps/LiumangMap.LiumangMap to /Game/Maps/UEDPIE_0_LiumangMap.LiumangMap (0.008910s)
[2018.07.25-02.23.50:926][712]LogInit: XAudio2 using 'Realtek HD Audio 2nd output (Realtek High Definition Audio)' : 2 channels at 48 kHz using 32 bits per sample (channel mask 0x3)
[2018.07.25-02.23.50:937][712]LogInit: FAudioDevice initialized.
[2018.07.25-02.23.50:987][712]LogLoad: Game class is 'GameModeBase'
[2018.07.25-02.23.50:989][712]LogWorld: Bringing World /Game/Maps/UEDPIE_0_LiumangMap.LiumangMap up for play (max tick rate 0) at 2018.07.25-10.23.50
[2018.07.25-02.23.50:990][712]LogWorld: Bringing up level for play took: 0.001116
[2018.07.25-02.23.51:048][712]LogContentBrowser: Native class hierarchy updated for 'MovieSceneCapture' in 0.0012 seconds. Added 11 classes and 0 folders.
[2018.07.25-02.23.51:051][712]PIE: /Game/Maps/UEDPIE_0_LiumangMap的‘在编辑器中播放’的起始时间0.828
[2018.07.25-02.24.24:033][483]Cmd: OBJ SAVEPACKAGE PACKAGE="/Game/Maps/LiumangMap" FILE="C:/Users/foheart/Desktop/FOHEART_UE4_Plugin_Demo/Content/Maps/LiumangMap.umap" SILENT=true AUTOSAVING=false KEEPDIRTY=false
[2018.07.25-02.24.24:351][483]LogSavePackage: Save=31.73ms
[2018.07.25-02.24.24:351][483]LogSavePackage: Moving 'C:/Users/foheart/Desktop/FOHEART_UE4_Plugin_Demo/Saved/LiumangMap35E2F2C5462402EA2BD737A3CC238610.tmp' to 'C:/Users/foheart/Desktop/FOHEART_UE4_Plugin_Demo/Content/Maps/LiumangMap.umap'
[2018.07.25-02.24.24:366][483]LogSavePackage: Display: Finished SavePackage C:/Users/foheart/Desktop/FOHEART_UE4_Plugin_Demo/Content/Maps/LiumangMap.umap
[2018.07.25-02.24.24:398][483]Cmd: OBJ SAVEPACKAGE PACKAGE="/Game/Maps/LiumangMap_BuiltData" FILE="C:/Users/foheart/Desktop/FOHEART_UE4_Plugin_Demo/Content/Maps/LiumangMap_BuiltData.uasset" SILENT=true
[2018.07.25-02.24.24:439][483]LogSavePackage: Save=34.21ms
[2018.07.25-02.24.24:439][483]LogSavePackage: Moving 'C:/Users/foheart/Desktop/FOHEART_UE4_Plugin_Demo/Saved/LiumangMap_BuiltDataAC3383364034BC10F72E4B88D9E00C95.tmp' to 'C:/Users/foheart/Desktop/FOHEART_UE4_Plugin_Demo/Content/Maps/LiumangMap_BuiltData.uasset'
[2018.07.25-02.24.24:440][483]LogSavePackage: Display: Finished SavePackage C:/Users/foheart/Desktop/FOHEART_UE4_Plugin_Demo/Content/Maps/LiumangMap_BuiltData.uasset
[2018.07.25-02.24.25:854][520]LogTemp: Repeating last play command: 选中的视口
[2018.07.25-02.24.25:874][520]LogPlayLevel: PlayLevel: No blueprints needed recompiling
[2018.07.25-02.24.25:874][520]PIE: New page: PIE会话: LiumangMap (2018年7月25日 下午6:24:25)
[2018.07.25-02.24.25:875][520]LogPlayLevel: Creating play world package: /Game/Maps/UEDPIE_0_LiumangMap
[2018.07.25-02.24.25:881][520]LogPlayLevel: PIE: StaticDuplicateObject took: (0.006439s)
[2018.07.25-02.24.25:882][520]LogAIModule: Creating AISystem for world LiumangMap
[2018.07.25-02.24.25:882][520]LogPlayLevel: PIE: World Init took: (0.001002s)
[2018.07.25-02.24.25:883][520]LogPlayLevel: PIE: Created PIE world by copying editor world from /Game/Maps/LiumangMap.LiumangMap to /Game/Maps/UEDPIE_0_LiumangMap.LiumangMap (0.008163s)
[2018.07.25-02.24.25:898][520]LogInit: XAudio2 using 'Realtek HD Audio 2nd output (Realtek High Definition Audio)' : 2 channels at 48 kHz using 32 bits per sample (channel mask 0x3)
[2018.07.25-02.24.25:909][520]LogInit: FAudioDevice initialized.
[2018.07.25-02.24.25:957][520]LogLoad: Game class is 'GameModeBase'
[2018.07.25-02.24.25:959][520]LogWorld: Bringing World /Game/Maps/UEDPIE_0_LiumangMap.LiumangMap up for play (max tick rate 0) at 2018.07.25-10.24.25
[2018.07.25-02.24.25:959][520]LogWorld: Bringing up level for play took: 0.001289
[2018.07.25-02.24.25:961][520]PIE: /Game/Maps/UEDPIE_0_LiumangMap的‘在编辑器中播放’的起始时间-0.263
[2018.07.25-02.24.40:656][904]Cmd: QUIT_EDITOR
[2018.07.25-02.24.40:983][904]LogExit: Preparing to exit.
[2018.07.25-02.24.41:758][904]LogExit: Editor shut down
[2018.07.25-02.24.41:764][904]LogExit: Transaction tracking system shut down
[2018.07.25-02.24.41:925][904]LogDirectoryWatcher: A directory notification for '../../../Engine/Content/' was aborted.
[2018.07.25-02.24.41:925][904]LogDirectoryWatcher: A directory notification for 'C:/Users/foheart/Desktop/FOHEART_UE4_Plugin_Demo/Content/' was aborted.
[2018.07.25-02.24.41:925][904]LogDirectoryWatcher: A directory notification for '../../../Engine/Plugins/2D/Paper2D/Content/' was aborted.
[2018.07.25-02.24.41:925][904]LogDirectoryWatcher: A directory notification for '../../../Engine/Plugins/Media/MediaCompositing/Content/' was aborted.
[2018.07.25-02.24.41:926][904]LogDirectoryWatcher: A directory notification for '../../../Engine/Plugins/Runtime/AppleARKit/Content/' was aborted.
[2018.07.25-02.24.41:926][904]LogDirectoryWatcher: A directory notification for '../../../Engine/Plugins/Runtime/Oculus/OculusVR/Content/' was aborted.
[2018.07.25-02.24.41:926][904]LogDirectoryWatcher: A directory notification for '../../../Engine/Plugins/Runtime/Steam/SteamVR/Content/' was aborted.
[2018.07.25-02.24.41:926][904]LogDirectoryWatcher: A directory notification for 'C:/Users/foheart/Desktop/FOHEART_UE4_Plugin_Demo/Plugins/FOHEART/Content/' was aborted.
[2018.07.25-02.24.42:167][904]LogExit: Object subsystem successfully closed.
[2018.07.25-02.24.42:252][904]LogD3D11RHI: Shutdown
[2018.07.25-02.24.42:252][904]LogD3D11RHI: CleanupD3DDevice
[2018.07.25-02.24.42:257][904]LogD3D11RHI: ~FD3D11DynamicRHI
[2018.07.25-02.24.42:370][904]LogModuleManager: Shutting down and abandoning module MovieSceneCapture (556)
[2018.07.25-02.24.42:370][904]LogModuleManager: Shutting down and abandoning module HierarchicalLODOutliner (554)
[2018.07.25-02.24.42:370][904]LogModuleManager: Shutting down and abandoning module DesktopPlatform (552)
[2018.07.25-02.24.42:376][904]LogModuleManager: Shutting down and abandoning module SceneOutliner (550)
[2018.07.25-02.24.42:376][904]LogModuleManager: Shutting down and abandoning module AddContentDialog (548)
[2018.07.25-02.24.42:376][904]LogDirectoryWatcher: A directory notification for 'G:/Unreal Projects/UE_4.18/FeaturePacks/' was aborted.
[2018.07.25-02.24.42:380][904]LogModuleManager: Shutting down and abandoning module WidgetCarousel (547)
[2018.07.25-02.24.42:381][904]LogModuleManager: Shutting down and abandoning module EditorWidgets (544)
[2018.07.25-02.24.42:382][904]LogModuleManager: Shutting down and abandoning module CollectionManager (542)
[2018.07.25-02.24.42:382][904]LogDirectoryWatcher: A directory notification for 'C:/Users/foheart/Desktop/FOHEART_UE4_Plugin_Demo/Content/Collections/' was aborted.
[2018.07.25-02.24.42:382][904]LogDirectoryWatcher: A directory notification for 'C:/Users/foheart/Desktop/FOHEART_UE4_Plugin_Demo/Content/Developers/foheart/Collections/' was aborted.
[2018.07.25-02.24.42:383][904]LogDirectoryWatcher: A directory notification for 'C:/Users/foheart/Desktop/FOHEART_UE4_Plugin_Demo/Saved/Collections/' was aborted.
[2018.07.25-02.24.42:384][904]LogModuleManager: Shutting down and abandoning module HierarchicalLODUtilities (540)
[2018.07.25-02.24.42:384][904]LogModuleManager: Shutting down and abandoning module StatsViewer (538)
[2018.07.25-02.24.42:384][904]LogModuleManager: Shutting down and abandoning module FoliageEdit (536)
[2018.07.25-02.24.42:384][904]LogModuleManager: Shutting down and abandoning module LandscapeEditor (534)
[2018.07.25-02.24.42:387][904]LogModuleManager: Shutting down and abandoning module MeshPaintMode (532)
[2018.07.25-02.24.42:387][904]LogModuleManager: Shutting down and abandoning module SceneDepthPickerMode (530)
[2018.07.25-02.24.42:387][904]LogModuleManager: Shutting down and abandoning module ActorPickerMode (528)
[2018.07.25-02.24.42:387][904]LogModuleManager: Shutting down and abandoning module GeometryMode (526)
[2018.07.25-02.24.42:387][904]LogModuleManager: Shutting down and abandoning module TextureAlignMode (524)
[2018.07.25-02.24.42:387][904]LogModuleManager: Shutting down and abandoning module BspMode (522)
[2018.07.25-02.24.42:387][904]LogModuleManager: Shutting down and abandoning module PIEPreviewDeviceProfileSelector (520)
[2018.07.25-02.24.42:388][904]LogModuleManager: Shutting down and abandoning module HardwareSurvey (518)
[2018.07.25-02.24.42:388][904]LogModuleManager: Shutting down and abandoning module SequenceRecorderSections (516)
[2018.07.25-02.24.42:388][904]LogModuleManager: Shutting down and abandoning module AutomationWorker (514)
[2018.07.25-02.24.42:388][904]LogModuleManager: Shutting down and abandoning module MatineeToLevelSequence (512)
[2018.07.25-02.24.42:388][904]LogModuleManager: Shutting down and abandoning module LevelSequenceEditor (510)
[2018.07.25-02.24.42:398][904]LogModuleManager: Shutting down and abandoning module PlacementMode (509)
[2018.07.25-02.24.42:398][904]LogModuleManager: Shutting down and abandoning module WmfMediaFactory (506)
[2018.07.25-02.24.42:399][904]LogModuleManager: Shutting down and abandoning module WmfMediaEditor (504)
[2018.07.25-02.24.42:399][904]LogModuleManager: Shutting down and abandoning module OpenExrWrapper (502)
[2018.07.25-02.24.42:399][904]LogModuleManager: Shutting down and abandoning module ImgMediaFactory (500)
[2018.07.25-02.24.42:399][904]LogModuleManager: Shutting down and abandoning module ImgMediaEditor (498)
[2018.07.25-02.24.42:399][904]LogModuleManager: Shutting down and abandoning module AvfMediaFactory (496)
[2018.07.25-02.24.42:399][904]LogModuleManager: Shutting down and abandoning module AvfMediaEditor (494)
[2018.07.25-02.24.42:399][904]LogModuleManager: Shutting down and abandoning module AndroidMediaFactory (492)
[2018.07.25-02.24.42:399][904]LogModuleManager: Shutting down and abandoning module AndroidMediaEditor (490)
[2018.07.25-02.24.42:399][904]LogModuleManager: Shutting down and abandoning module CharacterAI (488)
[2018.07.25-02.24.42:399][904]LogModuleManager: Shutting down and abandoning module AudioCapture (486)
[2018.07.25-02.24.42:399][904]LogModuleManager: Shutting down and abandoning module SequenceRecorder (485)
[2018.07.25-02.24.42:399][904]LogModuleManager: Shutting down and abandoning module SmartSnapping (482)
[2018.07.25-02.24.42:400][904]LogModuleManager: Shutting down and abandoning module SessionServices (480)
[2018.07.25-02.24.42:400][904]LogModuleManager: Shutting down and abandoning module ViewportSnapping (478)
[2018.07.25-02.24.42:400][904]LogModuleManager: Shutting down and abandoning module ViewportInteraction (476)
[2018.07.25-02.24.42:400][904]LogModuleManager: Shutting down and abandoning module ClothPainter (474)
[2018.07.25-02.24.42:411][904]LogModuleManager: Shutting down and abandoning module SkeletalMeshEditor (473)
[2018.07.25-02.24.42:421][904]LogModuleManager: Shutting down and abandoning module LogVisualizer (470)
[2018.07.25-02.24.42:422][904]LogModuleManager: Shutting down and abandoning module IntroTutorials (468)
[2018.07.25-02.24.42:422][904]LogModuleManager: Shutting down and abandoning module GameProjectGeneration (467)
[2018.07.25-02.24.42:430][904]LogModuleManager: Shutting down and abandoning module IOSPlatformEditor (464)
[2018.07.25-02.24.42:430][904]LogModuleManager: Shutting down and abandoning module HTML5PlatformEditor (462)
[2018.07.25-02.24.42:430][904]LogModuleManager: Shutting down and abandoning module AndroidPlatformEditor (460)
[2018.07.25-02.24.42:430][904]LogModuleManager: Shutting down and abandoning module AndroidDeviceDetection (459)
[2018.07.25-02.24.42:955][904]LogModuleManager: Shutting down and abandoning module WindowsPlatformEditor (456)
[2018.07.25-02.24.42:955][904]LogModuleManager: Shutting down and abandoning module IOSRuntimeSettings (454)
[2018.07.25-02.24.42:955][904]LogModuleManager: Shutting down and abandoning module AndroidRuntimeSettings (452)
[2018.07.25-02.24.42:955][904]LogModuleManager: Shutting down and abandoning module InputBindingEditor (450)
[2018.07.25-02.24.42:956][904]LogModuleManager: Shutting down and abandoning module MergeActors (448)
[2018.07.25-02.24.42:975][904]LogModuleManager: Shutting down and abandoning module SizeMap (446)
[2018.07.25-02.24.42:976][904]LogModuleManager: Shutting down and abandoning module TreeMap (444)
[2018.07.25-02.24.42:976][904]LogModuleManager: Shutting down and abandoning module ReferenceViewer (442)
[2018.07.25-02.24.42:976][904]LogModuleManager: Shutting down and abandoning module LocalizationDashboard (440)
[2018.07.25-02.24.42:983][904]LogModuleManager: Shutting down and abandoning module LocalizationService (439)
[2018.07.25-02.24.42:983][904]LogModuleManager: Shutting down and abandoning module HardwareTargeting (436)
[2018.07.25-02.24.42:983][904]LogModuleManager: Shutting down and abandoning module DeviceProfileEditor (434)
[2018.07.25-02.24.42:983][904]LogModuleManager: Shutting down and abandoning module UndoHistory (432)
[2018.07.25-02.24.42:983][904]LogModuleManager: Shutting down and abandoning module XmlParser (430)
[2018.07.25-02.24.42:983][904]LogModuleManager: Shutting down and abandoning module Blutility (428)
[2018.07.25-02.24.42:983][904]LogModuleManager: Shutting down and abandoning module ProjectSettingsViewer (426)
[2018.07.25-02.24.42:983][904]LogModuleManager: Shutting down and abandoning module ProjectTargetPlatformEditor (425)
[2018.07.25-02.24.42:983][904]LogModuleManager: Shutting down and abandoning module EditorSettingsViewer (422)
[2018.07.25-02.24.42:984][904]LogModuleManager: Shutting down and abandoning module SettingsEditor (420)
[2018.07.25-02.24.42:991][904]LogModuleManager: Shutting down and abandoning module ProjectLauncher (418)
[2018.07.25-02.24.42:995][904]LogModuleManager: Shutting down and abandoning module SessionFrontend (416)
[2018.07.25-02.24.42:996][904]LogModuleManager: Shutting down and abandoning module ProfilerClient (414)
[2018.07.25-02.24.43:006][904]LogModuleManager: Shutting down and abandoning module DeviceManager (412)
[2018.07.25-02.24.43:006][904]LogModuleManager: Shutting down and abandoning module TargetDeviceServices (411)
[2018.07.25-02.24.43:046][904]LogModuleManager: Shutting down and abandoning module AutomationController (408)
[2018.07.25-02.24.43:054][904]LogModuleManager: Shutting down and abandoning module AutomationWindow (406)
[2018.07.25-02.24.43:060][904]LogModuleManager: Shutting down and abandoning module Layers (404)
[2018.07.25-02.24.43:061][904]LogModuleManager: Shutting down and abandoning module ComponentVisualizers (402)
[2018.07.25-02.24.43:062][904]LogModuleManager: Shutting down and abandoning module DetailCustomizations (400)
[2018.07.25-02.24.43:067][904]LogModuleManager: Shutting down and abandoning module PackagesDialog (398)
[2018.07.25-02.24.43:067][904]LogModuleManager: Shutting down and abandoning module Persona (396)
[2018.07.25-02.24.43:076][904]LogModuleManager: Shutting down and abandoning module AdvancedPreviewScene (395)
[2018.07.25-02.24.43:076][904]LogModuleManager: Shutting down and abandoning module AnimGraph (393)
[2018.07.25-02.24.43:076][904]LogModuleManager: Shutting down and abandoning module Kismet (390)
[2018.07.25-02.24.43:076][904]LogModuleManager: Shutting down and abandoning module ClassViewer (388)
[2018.07.25-02.24.43:077][904]LogModuleManager: Shutting down and abandoning module Toolbox (386)
[2018.07.25-02.24.43:077][904]LogModuleManager: Shutting down and abandoning module ModuleUI (384)
[2018.07.25-02.24.43:082][904]LogModuleManager: Shutting down and abandoning module MovieSceneTools (382)
[2018.07.25-02.24.43:092][904]LogModuleManager: Shutting down and abandoning module OutputLog (380)
[2018.07.25-02.24.43:092][904]LogModuleManager: Shutting down and abandoning module GammaUI (378)
[2018.07.25-02.24.43:092][904]LogModuleManager: Shutting down and abandoning module Documentation (376)
[2018.07.25-02.24.43:093][904]LogModuleManager: Shutting down and abandoning module MovieSceneTracks (374)
[2018.07.25-02.24.43:093][904]LogModuleManager: Shutting down and abandoning module MovieScene (372)
[2018.07.25-02.24.43:093][904]LogModuleManager: Shutting down and abandoning module StreamingPauseRendering (370)
[2018.07.25-02.24.43:093][904]LogModuleManager: Shutting down and abandoning module LauncherPlatform (368)
[2018.07.25-02.24.43:093][904]LogModuleManager: Shutting down and abandoning module AnalyticsET (366)
[2018.07.25-02.24.43:093][904]LogModuleManager: Shutting down and abandoning module PortalServices (364)
[2018.07.25-02.24.43:093][904]LogModuleManager: Shutting down and abandoning module PortalRpc (362)
[2018.07.25-02.24.43:093][904]LogModuleManager: Shutting down and abandoning module MessagingRpc (360)
[2018.07.25-02.24.43:094][904]LogModuleManager: Shutting down and abandoning module AIModule (358)
[2018.07.25-02.24.43:100][904]LogModuleManager: Shutting down and abandoning module GameplayDebugger (357)
[2018.07.25-02.24.43:100][904]LogModuleManager: Shutting down and abandoning module AITestSuite (355)
[2018.07.25-02.24.43:101][904]LogModuleManager: Shutting down and abandoning module ProfilerService (352)
[2018.07.25-02.24.43:138][904]LogModuleManager: Shutting down and abandoning module TaskGraph (350)
[2018.07.25-02.24.43:138][904]LogModuleManager: Shutting down and abandoning module FOHEART (348)
[2018.07.25-02.24.43:138][904]LogExit: Plugin For FOHEART C1 & FOHEART LEO stop.
[2018.07.25-02.24.43:138][904]LogModuleManager: Shutting down and abandoning module SteamVRController (346)
[2018.07.25-02.24.43:138][904]LogModuleManager: Shutting down and abandoning module ProceduralMeshComponentEditor (344)
[2018.07.25-02.24.43:138][904]LogModuleManager: Shutting down and abandoning module ProceduralMeshComponent (342)
[2018.07.25-02.24.43:138][904]LogModuleManager: Shutting down and abandoning module OculusInput (340)
[2018.07.25-02.24.43:138][904]LogModuleManager: Shutting down and abandoning module MobilePatchingUtils (338)
[2018.07.25-02.24.43:139][904]LogModuleManager: Shutting down and abandoning module CustomMeshComponent (336)
[2018.07.25-02.24.43:139][904]LogModuleManager: Shutting down and abandoning module CableComponent (334)
[2018.07.25-02.24.43:139][904]LogModuleManager: Shutting down and abandoning module ArchVisCharacter (332)
[2018.07.25-02.24.43:139][904]LogModuleManager: Shutting down and abandoning module AndroidPermission (330)
[2018.07.25-02.24.43:139][904]LogModuleManager: Shutting down and abandoning module ActorSequence (326)
[2018.07.25-02.24.43:139][904]LogModuleManager: Shutting down and abandoning module MediaPlayerEditor (324)
[2018.07.25-02.24.43:140][904]LogModuleManager: Shutting down and abandoning module MediaCompositingEditor (322)
[2018.07.25-02.24.43:140][904]LogModuleManager: Shutting down and abandoning module MediaCompositing (320)
[2018.07.25-02.24.43:140][904]LogModuleManager: Shutting down and abandoning module HTML5Networking (318)
[2018.07.25-02.24.43:140][904]LogModuleManager: Shutting down and abandoning module AlembicImporter (316)
[2018.07.25-02.24.43:146][904]LogModuleManager: Shutting down and abandoning module AlembicLibrary (315)
[2018.07.25-02.24.43:147][904]LogModuleManager: Shutting down and abandoning module GeometryCache (314)
[2018.07.25-02.24.43:147][904]LogModuleManager: Shutting down and abandoning module GeometryCacheEd (313)
[2018.07.25-02.24.43:147][904]LogModuleManager: Shutting down and abandoning module SpeedTreeImporter (308)
[2018.07.25-02.24.43:147][904]LogModuleManager: Shutting down and abandoning module PluginBrowser (306)
[2018.07.25-02.24.43:150][904]LogModuleManager: Shutting down and abandoning module MobileLauncherProfileWizard (304)
[2018.07.25-02.24.43:153][904]LogModuleManager: Shutting down and abandoning module VisualStudioSourceCodeAccess (302)
[2018.07.25-02.24.43:153][904]LogModuleManager: Shutting down and abandoning module VisualStudioCodeSourceCodeAccess (300)
[2018.07.25-02.24.43:154][904]LogModuleManager: Shutting down and abandoning module UObjectPlugin (298)
[2018.07.25-02.24.43:154][904]LogModuleManager: Shutting down and abandoning module SubversionSourceControl (296)
[2018.07.25-02.24.43:154][904]LogModuleManager: Shutting down and abandoning module PerforceSourceControl (294)
[2018.07.25-02.24.43:162][904]LogModuleManager: Shutting down and abandoning module GitSourceControl (292)
[2018.07.25-02.24.43:163][904]LogModuleManager: Shutting down and abandoning module SourceControl (291)
[2018.07.25-02.24.43:163][904]LogModuleManager: Shutting down and abandoning module LightPropagationVolumeEditor (288)
[2018.07.25-02.24.43:164][904]LogModuleManager: Shutting down and abandoning module PaperTiledImporter (286)
[2018.07.25-02.24.43:164][904]LogModuleManager: Shutting down and abandoning module PaperSpriteSheetImporter (284)
[2018.07.25-02.24.43:164][904]LogModuleManager: Shutting down and abandoning module Paper2DEditor (282)
[2018.07.25-02.24.43:173][904]LogModuleManager: Shutting down and abandoning module MeshPaint (281)
[2018.07.25-02.24.43:173][904]LogModuleManager: Shutting down and abandoning module LevelEditor (279)
[2018.07.25-02.24.43:175][904]LogModuleManager: Shutting down and abandoning module PixelInspectorModule (278)
[2018.07.25-02.24.43:175][904]LogModuleManager: Shutting down and abandoning module MainFrame (276)
[2018.07.25-02.24.43:176][904]LogModuleManager: Shutting down and abandoning module HotReload (275)
[2018.07.25-02.24.43:176][904]LogDirectoryWatcher: A directory notification for 'C:/Users/foheart/Desktop/FOHEART_UE4_Plugin_Demo/Binaries/Win64' was aborted.
[2018.07.25-02.24.43:176][904]LogDirectoryWatcher: A directory notification for 'C:/Users/foheart/Desktop/FOHEART_UE4_Plugin_Demo/Plugins/FOHEART/Binaries/Win64' was aborted.
[2018.07.25-02.24.43:176][904]LogModuleManager: Shutting down and abandoning module FOHEARTPlugin (270)
[2018.07.25-02.24.43:176][904]LogModuleManager: Shutting down and abandoning module RuntimePhysXCooking (268)
[2018.07.25-02.24.43:177][904]LogModuleManager: Shutting down and abandoning module PhysXVehiclesEditor (266)
[2018.07.25-02.24.43:177][904]LogModuleManager: Shutting down and abandoning module PhysXVehicles (264)
[2018.07.25-02.24.43:177][904]LogModuleManager: Shutting down and abandoning module OculusEditor (262)
[2018.07.25-02.24.43:177][904]LogModuleManager: Shutting down and abandoning module LocationServicesBPLibrary (260)
[2018.07.25-02.24.43:177][904]LogModuleManager: Shutting down and abandoning module ImmediatePhysicsEditor (258)
[2018.07.25-02.24.43:177][904]LogModuleManager: Shutting down and abandoning module ImmediatePhysics (256)
[2018.07.25-02.24.43:177][904]LogModuleManager: Shutting down and abandoning module UdpMessaging (254)
[2018.07.25-02.24.43:277][904]LogModuleManager: Shutting down and abandoning module TcpMessaging (252)
[2018.07.25-02.24.43:377][904]LogModuleManager: Shutting down and abandoning module GameplayTagsEditor (250)
[2018.07.25-02.24.43:377][904]LogModuleManager: Shutting down and abandoning module FacialAnimationEditor (248)
[2018.07.25-02.24.43:377][904]LogModuleManager: Shutting down and abandoning module FacialAnimation (246)
[2018.07.25-02.24.43:377][904]LogModuleManager: Shutting down and abandoning module AssetManagerEditor (244)
[2018.07.25-02.24.43:377][904]LogModuleManager: Shutting down and abandoning module GraphEditor (243)
[2018.07.25-02.24.43:378][904]LogModuleManager: Shutting down and abandoning module ContentBrowser (241)
[2018.07.25-02.24.43:379][904]LogModuleManager: Shutting down and abandoning module LightPropagationVolumeRuntime (238)
[2018.07.25-02.24.43:379][904]LogModuleManager: Shutting down and abandoning module Paper2D (236)
[2018.07.25-02.24.43:379][904]LogModuleManager: Shutting down and abandoning module WindowsMoviePlayer (234)
[2018.07.25-02.24.43:380][904]LogModuleManager: Shutting down and abandoning module WmfMedia (232)
[2018.07.25-02.24.43:458][904]LogModuleManager: Shutting down and abandoning module ImgMedia (230)
[2018.07.25-02.24.43:458][904]LogModuleManager: Shutting down and abandoning module PacketHandler (228)
[2018.07.25-02.24.43:458][904]LogModuleManager: Shutting down and abandoning module ClothingSystemEditor (226)
[2018.07.25-02.24.43:458][904]LogModuleManager: Shutting down and abandoning module ClothingSystemRuntime (224)
[2018.07.25-02.24.43:470][904]LogModuleManager: Shutting down and abandoning module MediaAssets (222)
[2018.07.25-02.24.43:470][904]LogModuleManager: Shutting down and abandoning module Media (221)
[2018.07.25-02.24.43:476][904]LogModuleManager: Shutting down and abandoning module Overlay (218)
[2018.07.25-02.24.43:476][904]LogModuleManager: Shutting down and abandoning module OverlayEditor (217)
[2018.07.25-02.24.43:477][904]LogModuleManager: Shutting down and abandoning module VREditor (214)
[2018.07.25-02.24.43:484][904]LogModuleManager: Shutting down and abandoning module StringTableEditor (212)
[2018.07.25-02.24.43:484][904]LogModuleManager: Shutting down and abandoning module GameplayTasksEditor (210)
[2018.07.25-02.24.43:484][904]LogModuleManager: Shutting down and abandoning module BehaviorTreeEditor (208)
[2018.07.25-02.24.43:496][904]LogModuleManager: Shutting down and abandoning module FunctionalTesting (206)
[2018.07.25-02.24.43:496][904]LogModuleManager: Shutting down and abandoning module CollisionAnalyzer (204)
[2018.07.25-02.24.43:496][904]LogModuleManager: Shutting down and abandoning module WorkspaceMenuStructure (203)
[2018.07.25-02.24.43:496][904]LogModuleManager: Shutting down and abandoning module UMG (200)
[2018.07.25-02.24.43:505][904]LogModuleManager: Shutting down and abandoning module UMGEditor (199)
[2018.07.25-02.24.43:534][904]LogModuleManager: Shutting down and abandoning module Sequencer (198)
[2018.07.25-02.24.43:542][904]LogModuleManager: Shutting down and abandoning module MessageLog (195)
[2018.07.25-02.24.43:542][904]LogModuleManager: Shutting down and abandoning module SlateReflector (190)
[2018.07.25-02.24.43:551][904]LogModuleManager: Shutting down and abandoning module Slate (188)
[2018.07.25-02.24.43:551][904]LogModuleManager: Shutting down and abandoning module EditorStyle (186)
[2018.07.25-02.24.43:553][904]LogModuleManager: Shutting down and abandoning module MRMesh (184)
[2018.07.25-02.24.43:553][904]LogModuleManager: Shutting down and abandoning module SourceCodeAccess (182)
[2018.07.25-02.24.43:553][904]LogModuleManager: Shutting down and abandoning module HeadMountedDisplay (180)
[2018.07.25-02.24.43:553][904]LogModuleManager: Shutting down and abandoning module XAudio2 (178)
[2018.07.25-02.24.43:553][904]LogModuleManager: Shutting down and abandoning module Networking (176)
[2018.07.25-02.24.43:554][904]LogModuleManager: Shutting down and abandoning module Core (172)
[2018.07.25-02.24.43:554][904]LogModuleManager: Shutting down and abandoning module LevelSequence (168)
[2018.07.25-02.24.43:554][904]LogModuleManager: Shutting down and abandoning module DirectoryWatcher (166)
[2018.07.25-02.24.43:555][904]LogModuleManager: Shutting down and abandoning module KismetCompiler (164)
[2018.07.25-02.24.43:555][904]LogModuleManager: Shutting down and abandoning module MeshUtilities (162)
[2018.07.25-02.24.43:562][904]LogModuleManager: Shutting down and abandoning module MeshMergeUtilities (161)
[2018.07.25-02.24.43:562][904]LogModuleManager: Shutting down and abandoning module MeshReductionInterface (160)
[2018.07.25-02.24.43:562][904]LogModuleManager: Shutting down and abandoning module SimplygonSwarm (159)
[2018.07.25-02.24.43:571][904]LogModuleManager: Shutting down and abandoning module SimplygonMeshReduction (157)
[2018.07.25-02.24.43:572][904]LogModuleManager: Shutting down and abandoning module QuadricMeshReduction (155)
[2018.07.25-02.24.43:572][904]LogModuleManager: Shutting down and abandoning module MaterialBaking (151)
[2018.07.25-02.24.43:572][904]LogModuleManager: Shutting down and abandoning module DerivedDataCache (148)
[2018.07.25-02.24.43:662][904]LogDerivedDataCache: Shutdown
[2018.07.25-02.24.43:662][904]LogModuleManager: Shutting down and abandoning module TargetPlatform (146)
[2018.07.25-02.24.43:662][904]LogModuleManager: Shutting down and abandoning module VulkanShaderFormat (145)
[2018.07.25-02.24.43:663][904]LogModuleManager: Shutting down and abandoning module ShaderFormatVectorVM (143)
[2018.07.25-02.24.43:684][904]LogModuleManager: Shutting down and abandoning module ShaderFormatOpenGL (141)
[2018.07.25-02.24.43:686][904]LogModuleManager: Shutting down and abandoning module ShaderFormatD3D (139)
[2018.07.25-02.24.43:693][904]LogModuleManager: Shutting down and abandoning module MetalShaderFormat (137)
[2018.07.25-02.24.43:699][904]LogModuleManager: Shutting down and abandoning module TextureFormatUncompressed (135)
[2018.07.25-02.24.43:699][904]LogModuleManager: Shutting down and abandoning module TextureFormatPVR (133)
[2018.07.25-02.24.43:699][904]LogModuleManager: Shutting down and abandoning module TextureFormatDXT (131)
[2018.07.25-02.24.43:699][904]LogModuleManager: Shutting down and abandoning module TextureFormatIntelISPCTexComp (129)
[2018.07.25-02.24.43:701][904]LogModuleManager: Shutting down and abandoning module TextureFormatASTC (127)
[2018.07.25-02.24.43:701][904]LogModuleManager: Shutting down and abandoning module ImageWrapper (126)
[2018.07.25-02.24.43:701][904]LogModuleManager: Shutting down and abandoning module TextureFormatAndroid (123)
[2018.07.25-02.24.43:701][904]LogModuleManager: Shutting down and abandoning module AudioFormatOpus (121)
[2018.07.25-02.24.43:701][904]LogModuleManager: Shutting down and abandoning module AudioFormatOgg (119)
[2018.07.25-02.24.43:701][904]LogModuleManager: Shutting down and abandoning module AudioFormatADPCM (117)
[2018.07.25-02.24.43:702][904]LogModuleManager: Shutting down and abandoning module LinuxTargetPlatform (115)
[2018.07.25-02.24.43:702][904]LogModuleManager: Shutting down and abandoning module LinuxServerTargetPlatform (113)
[2018.07.25-02.24.43:702][904]LogModuleManager: Shutting down and abandoning module LinuxNoEditorTargetPlatform (111)
[2018.07.25-02.24.43:702][904]LogModuleManager: Shutting down and abandoning module LinuxClientTargetPlatform (109)
[2018.07.25-02.24.43:702][904]LogModuleManager: Shutting down and abandoning module TVOSTargetPlatform (107)
[2018.07.25-02.24.43:702][904]LogModuleManager: Shutting down and abandoning module Messaging (105)
[2018.07.25-02.24.43:702][904]LogModuleManager: Shutting down and abandoning module IOSTargetPlatform (103)
[2018.07.25-02.24.43:702][904]LogModuleManager: Shutting down and abandoning module HTML5TargetPlatform (101)
[2018.07.25-02.24.43:702][904]LogModuleManager: Shutting down and abandoning module AndroidTargetPlatform (99)
[2018.07.25-02.24.43:702][904]LogModuleManager: Shutting down and abandoning module Android_PVRTCTargetPlatform (97)
[2018.07.25-02.24.43:703][904]LogModuleManager: Shutting down and abandoning module Android_MultiTargetPlatform (95)
[2018.07.25-02.24.43:703][904]LogModuleManager: Shutting down and abandoning module Android_ETC2TargetPlatform (93)
[2018.07.25-02.24.43:703][904]LogModuleManager: Shutting down and abandoning module Android_ETC1TargetPlatform (91)
[2018.07.25-02.24.43:703][904]LogModuleManager: Shutting down and abandoning module Android_DXTTargetPlatform (89)
[2018.07.25-02.24.43:703][904]LogModuleManager: Shutting down and abandoning module Android_ATCTargetPlatform (87)
[2018.07.25-02.24.43:703][904]LogModuleManager: Shutting down and abandoning module Android_ASTCTargetPlatform (85)
[2018.07.25-02.24.43:703][904]LogModuleManager: Shutting down and abandoning module WindowsTargetPlatform (83)
[2018.07.25-02.24.43:703][904]LogModuleManager: Shutting down and abandoning module WindowsServerTargetPlatform (81)
[2018.07.25-02.24.43:703][904]LogModuleManager: Shutting down and abandoning module WindowsNoEditorTargetPlatform (79)
[2018.07.25-02.24.43:703][904]LogModuleManager: Shutting down and abandoning module WindowsClientTargetPlatform (77)
[2018.07.25-02.24.43:704][904]LogModuleManager: Shutting down and abandoning module MacTargetPlatform (75)
[2018.07.25-02.24.43:704][904]LogModuleManager: Shutting down and abandoning module MacServerTargetPlatform (73)
[2018.07.25-02.24.43:704][904]LogModuleManager: Shutting down and abandoning module MacNoEditorTargetPlatform (71)
[2018.07.25-02.24.43:704][904]LogModuleManager: Shutting down and abandoning module MacClientTargetPlatform (69)
[2018.07.25-02.24.43:704][904]LogModuleManager: Shutting down and abandoning module AllDesktopTargetPlatform (67)
[2018.07.25-02.24.43:704][904]LogModuleManager: Shutting down and abandoning module InputCore (64)
[2018.07.25-02.24.43:704][904]LogModuleManager: Shutting down and abandoning module Settings (62)
[2018.07.25-02.24.43:704][904]LogModuleManager: Shutting down and abandoning module PhysXCooking (60)
[2018.07.25-02.24.43:704][904]LogModuleManager: Shutting down and abandoning module SteamVR (58)
[2018.07.25-02.24.43:704][904]LogModuleManager: Shutting down and abandoning module OculusHMD (56)
[2018.07.25-02.24.43:705][904]LogModuleManager: Shutting down and abandoning module ExampleDeviceProfileSelector (54)
[2018.07.25-02.24.43:705][904]LogModuleManager: Shutting down and abandoning module AppleARKit (52)
[2018.07.25-02.24.43:705][904]LogModuleManager: Shutting down and abandoning module AugmentedReality (51)
[2018.07.25-02.24.43:705][904]LogModuleManager: Shutting down and abandoning module OnlineBlueprintSupport (48)
[2018.07.25-02.24.43:705][904]LogModuleManager: Shutting down and abandoning module OnlineSubsystem (44)
[2018.07.25-02.24.43:715][904]LogModuleManager: Shutting down and abandoning module XMPP (43)
[2018.07.25-02.24.43:721][904]LogModuleManager: Shutting down and abandoning module HTTP (41)
[2018.07.25-02.24.43:722][904]LogHttp: Display: Http module shutting down, but needs to wait on 2 outstanding Http requests:
[2018.07.25-02.24.43:722][904]LogHttp: Display: 	verb=[POST] url=[https://datarouter.ol.epicgames.com/datarouter/api/v1/public/data?SessionID=%7B7211323A-4513-F467-DD46-2C9FC6E3B28A%7D&AppID=UEEditor.Rocket.Release&AppVersion=4.18.3-3832480%2B%2B%2BUE4%2BRelease-4.18&UserID=0dbdb4624766f7d9e57d4aa2070ef89c%7Cdc24215847b040dd85e2576323a502b9%7Cfa35f273-11ab-4e4b-8919-f32e39415d2f&AppEnvironment=datacollector-binary&UploadType=eteventstream] status=Processing
[2018.07.25-02.24.43:722][904]LogHttp: Display: 	verb=[POST] url=[https://datarouter.ol.epicgames.com/datarouter/api/v1/public/data?SessionID=%7B7211323A-4513-F467-DD46-2C9FC6E3B28A%7D&AppID=UEEditor.Rocket.Release&AppVersion=4.18.3-3832480%2B%2B%2BUE4%2BRelease-4.18&UserID=0dbdb4624766f7d9e57d4aa2070ef89c%7Cdc24215847b040dd85e2576323a502b9%7Cfa35f273-11ab-4e4b-8919-f32e39415d2f&AppEnvironment=datacollector-binary&UploadType=eteventstream] status=Processing
[2018.07.25-02.24.43:734][904]LogModuleManager: Shutting down and abandoning module SSL (40)
[2018.07.25-02.24.43:735][904]LogModuleManager: Shutting down and abandoning module AnimationModifiers (36)
[2018.07.25-02.24.43:735][904]LogModuleManager: Shutting down and abandoning module PropertyEditor (35)
[2018.07.25-02.24.43:735][904]LogModuleManager: Shutting down and abandoning module AudioEditor (32)
[2018.07.25-02.24.43:743][904]LogModuleManager: Shutting down and abandoning module TextureCompressor (30)
[2018.07.25-02.24.43:745][904]LogModuleManager: Shutting down and abandoning module ShaderCore (28)
[2018.07.25-02.24.43:745][904]LogModuleManager: Shutting down and abandoning module Landscape (26)
[2018.07.25-02.24.43:745][904]LogModuleManager: Shutting down and abandoning module SlateRHIRenderer (24)
[2018.07.25-02.24.43:757][904]LogModuleManager: Shutting down and abandoning module OpenGLDrv (22)
[2018.07.25-02.24.43:761][904]LogModuleManager: Shutting down and abandoning module D3D11RHI (20)
[2018.07.25-02.24.43:762][904]LogModuleManager: Shutting down and abandoning module AnimGraphRuntime (18)
[2018.07.25-02.24.43:762][904]LogModuleManager: Shutting down and abandoning module Renderer (16)
[2018.07.25-02.24.43:763][904]LogModuleManager: Shutting down and abandoning module Engine (14)
[2018.07.25-02.24.43:763][904]LogModuleManager: Shutting down and abandoning module CoreUObject (12)
[2018.07.25-02.24.43:764][904]LogModuleManager: Shutting down and abandoning module NetworkFile (10)
[2018.07.25-02.24.43:764][904]LogModuleManager: Shutting down and abandoning module CookedIterativeFile (8)
[2018.07.25-02.24.43:765][904]LogModuleManager: Shutting down and abandoning module StreamingFile (6)
[2018.07.25-02.24.43:765][904]LogModuleManager: Shutting down and abandoning module SandboxFile (4)
[2018.07.25-02.24.43:765][904]LogModuleManager: Shutting down and abandoning module PakFile (2)
[2018.07.25-02.24.43:785][904]LogExit: Exiting.
[2018.07.25-02.24.43:800][904]Log file closed, 07/25/18 10:24:43
